2016-01-06 11:13:20,866 - Log4JLogChute initialized using file 'velocity.log'
2016-01-06 11:13:20,866 - Velocity was not initialized! Calling init()...
2016-01-06 11:13:20,867 - Starting Apache Velocity v1.5 (compiled: 2007-02-22 08:52:29)
2016-01-06 11:13:20,867 - Default Properties File: org\apache\velocity\runtime\defaults\velocity.properties
2016-01-06 11:13:20,867 - Trying to use logger class org.apache.velocity.runtime.log.AvalonLogChute
2016-01-06 11:13:20,868 - Couldn't find class org.apache.velocity.runtime.log.AvalonLogChute or necessary supporting classes in classpath.
java.lang.NoClassDefFoundError: org/apache/log/format/Formatter
	at java.lang.Class.forName0(Native Method)
	at java.lang.Class.forName(Class.java:270)
	at org.apache.velocity.util.ClassUtils.getClass(ClassUtils.java:63)
	at org.apache.velocity.util.ClassUtils.getNewInstance(ClassUtils.java:95)
	at org.apache.velocity.runtime.log.LogManager.createLogChute(LogManager.java:147)
	at org.apache.velocity.runtime.log.LogManager.updateLog(LogManager.java:208)
	at org.apache.velocity.runtime.RuntimeInstance.initializeLog(RuntimeInstance.java:728)
	at org.apache.velocity.runtime.RuntimeInstance.init(RuntimeInstance.java:240)
	at org.apache.velocity.runtime.RuntimeInstance.parse(RuntimeInstance.java:993)
	at org.apache.velocity.runtime.RuntimeInstance.parse(RuntimeInstance.java:972)
	at org.apache.velocity.runtime.RuntimeSingleton.parse(RuntimeSingleton.java:265)
	at org.apache.velocity.app.Velocity.evaluate(Velocity.java:274)
	at org.sonatype.mavenbook.weather.WeatherFormatter.format(WeatherFormatter.java:21)
	at org.sonatype.mavenbook.weather.yahoo.WeatherFormatterTest.testFormat(WeatherFormatterTest.java:23)
	at sun.reflect.NativeMethodAccessorImpl.invoke0(Native Method)
	at sun.reflect.NativeMethodAccessorImpl.invoke(NativeMethodAccessorImpl.java:57)
	at sun.reflect.DelegatingMethodAccessorImpl.invoke(DelegatingMethodAccessorImpl.java:43)
	at java.lang.reflect.Method.invoke(Method.java:606)
	at junit.framework.TestCase.runTest(TestCase.java:176)
	at junit.framework.TestCase.runBare(TestCase.java:141)
	at junit.framework.TestResult$1.protect(TestResult.java:122)
	at junit.framework.TestResult.runProtected(TestResult.java:142)
	at junit.framework.TestResult.run(TestResult.java:125)
	at junit.framework.TestCase.run(TestCase.java:129)
	at junit.framework.TestSuite.runTest(TestSuite.java:252)
	at junit.framework.TestSuite.run(TestSuite.java:247)
	at org.junit.internal.runners.JUnit38ClassRunner.run(JUnit38ClassRunner.java:86)
	at org.apache.maven.surefire.junit4.JUnit4Provider.execute(JUnit4Provider.java:252)
	at org.apache.maven.surefire.junit4.JUnit4Provider.executeTestSet(JUnit4Provider.java:141)
	at org.apache.maven.surefire.junit4.JUnit4Provider.invoke(JUnit4Provider.java:112)
	at sun.reflect.NativeMethodAccessorImpl.invoke0(Native Method)
	at sun.reflect.NativeMethodAccessorImpl.invoke(NativeMethodAccessorImpl.java:57)
	at sun.reflect.DelegatingMethodAccessorImpl.invoke(DelegatingMethodAccessorImpl.java:43)
	at java.lang.reflect.Method.invoke(Method.java:606)
	at org.apache.maven.surefire.util.ReflectionUtils.invokeMethodWithArray(ReflectionUtils.java:189)
	at org.apache.maven.surefire.booter.ProviderFactory$ProviderProxy.invoke(ProviderFactory.java:165)
	at org.apache.maven.surefire.booter.ProviderFactory.invokeProvider(ProviderFactory.java:85)
	at org.apache.maven.surefire.booter.ForkedBooter.runSuitesInProcess(ForkedBooter.java:115)
	at org.apache.maven.surefire.booter.ForkedBooter.main(ForkedBooter.java:75)
Caused by: java.lang.ClassNotFoundException: org.apache.log.format.Formatter
	at java.net.URLClassLoader$1.run(URLClassLoader.java:366)
	at java.net.URLClassLoader$1.run(URLClassLoader.java:355)
	at java.security.AccessController.doPrivileged(Native Method)
	at java.net.URLClassLoader.findClass(URLClassLoader.java:354)
	at java.lang.ClassLoader.loadClass(ClassLoader.java:425)
	at sun.misc.Launcher$AppClassLoader.loadClass(Launcher.java:308)
	at java.lang.ClassLoader.loadClass(ClassLoader.java:358)
	... 39 more
2016-01-06 11:13:20,871 - Trying to use logger class org.apache.velocity.runtime.log.Log4JLogChute
2016-01-06 11:13:20,871 - Using logger class org.apache.velocity.runtime.log.Log4JLogChute
2016-01-06 11:13:20,873 - Default ResourceManager initializing. (class org.apache.velocity.runtime.resource.ResourceManagerImpl)
2016-01-06 11:13:20,876 - ResourceLoader instantiated: org.apache.velocity.runtime.resource.loader.FileResourceLoader
2016-01-06 11:13:20,877 - Do unicode file recognition:  false
2016-01-06 11:13:20,877 - FileResourceLoader : adding path '.'
2016-01-06 11:13:20,890 - ResourceCache: initialized (class org.apache.velocity.runtime.resource.ResourceCacheImpl)
2016-01-06 11:13:20,891 - Loaded System Directive: org.apache.velocity.runtime.directive.Literal
2016-01-06 11:13:20,892 - Loaded System Directive: org.apache.velocity.runtime.directive.Macro
2016-01-06 11:13:20,894 - Loaded System Directive: org.apache.velocity.runtime.directive.Parse
2016-01-06 11:13:20,895 - Loaded System Directive: org.apache.velocity.runtime.directive.Include
2016-01-06 11:13:20,896 - Loaded System Directive: org.apache.velocity.runtime.directive.Foreach
2016-01-06 11:13:20,927 - Created '20' parsers.
2016-01-06 11:13:20,935 - Velocimacro : "velocimacro.library" is not set.  Trying default library: VM_global_library.vm
2016-01-06 11:13:20,935 - Velocimacro : Default library not found.
2016-01-06 11:13:20,935 - Velocimacro : allowInline = true : VMs can be defined inline in templates
2016-01-06 11:13:20,935 - Velocimacro : allowInlineToOverride = false : VMs defined inline may NOT replace previous VM definitions
2016-01-06 11:13:20,935 - Velocimacro : allowInlineLocal = false : VMs defined inline will be global in scope if allowed.
2016-01-06 11:13:20,936 - Velocimacro : autoload off : VM system will not automatically reload global library macros
2016-01-06 11:13:28,987 - Log4JLogChute initialized using file 'velocity.log'
2016-01-06 11:13:28,988 - Velocity was not initialized! Calling init()...
2016-01-06 11:13:28,988 - Starting Apache Velocity v1.5 (compiled: 2007-02-22 08:52:29)
2016-01-06 11:13:28,988 - Default Properties File: org\apache\velocity\runtime\defaults\velocity.properties
2016-01-06 11:13:28,988 - Trying to use logger class org.apache.velocity.runtime.log.AvalonLogChute
2016-01-06 11:13:28,989 - Couldn't find class org.apache.velocity.runtime.log.AvalonLogChute or necessary supporting classes in classpath.
java.lang.NoClassDefFoundError: org/apache/log/format/Formatter
	at java.lang.Class.forName0(Native Method)
	at java.lang.Class.forName(Class.java:270)
	at org.apache.velocity.util.ClassUtils.getClass(ClassUtils.java:63)
	at org.apache.velocity.util.ClassUtils.getNewInstance(ClassUtils.java:95)
	at org.apache.velocity.runtime.log.LogManager.createLogChute(LogManager.java:147)
	at org.apache.velocity.runtime.log.LogManager.updateLog(LogManager.java:208)
	at org.apache.velocity.runtime.RuntimeInstance.initializeLog(RuntimeInstance.java:728)
	at org.apache.velocity.runtime.RuntimeInstance.init(RuntimeInstance.java:240)
	at org.apache.velocity.runtime.RuntimeInstance.parse(RuntimeInstance.java:993)
	at org.apache.velocity.runtime.RuntimeInstance.parse(RuntimeInstance.java:972)
	at org.apache.velocity.runtime.RuntimeSingleton.parse(RuntimeSingleton.java:265)
	at org.apache.velocity.app.Velocity.evaluate(Velocity.java:274)
	at org.sonatype.mavenbook.weather.WeatherFormatter.format(WeatherFormatter.java:21)
	at org.sonatype.mavenbook.weather.yahoo.WeatherFormatterTest.testFormat(WeatherFormatterTest.java:23)
	at sun.reflect.NativeMethodAccessorImpl.invoke0(Native Method)
	at sun.reflect.NativeMethodAccessorImpl.invoke(NativeMethodAccessorImpl.java:57)
	at sun.reflect.DelegatingMethodAccessorImpl.invoke(DelegatingMethodAccessorImpl.java:43)
	at java.lang.reflect.Method.invoke(Method.java:606)
	at junit.framework.TestCase.runTest(TestCase.java:176)
	at junit.framework.TestCase.runBare(TestCase.java:141)
	at junit.framework.TestResult$1.protect(TestResult.java:122)
	at junit.framework.TestResult.runProtected(TestResult.java:142)
	at junit.framework.TestResult.run(TestResult.java:125)
	at junit.framework.TestCase.run(TestCase.java:129)
	at junit.framework.TestSuite.runTest(TestSuite.java:252)
	at junit.framework.TestSuite.run(TestSuite.java:247)
	at org.junit.internal.runners.JUnit38ClassRunner.run(JUnit38ClassRunner.java:86)
	at org.apache.maven.surefire.junit4.JUnit4Provider.execute(JUnit4Provider.java:252)
	at org.apache.maven.surefire.junit4.JUnit4Provider.executeTestSet(JUnit4Provider.java:141)
	at org.apache.maven.surefire.junit4.JUnit4Provider.invoke(JUnit4Provider.java:112)
	at sun.reflect.NativeMethodAccessorImpl.invoke0(Native Method)
	at sun.reflect.NativeMethodAccessorImpl.invoke(NativeMethodAccessorImpl.java:57)
	at sun.reflect.DelegatingMethodAccessorImpl.invoke(DelegatingMethodAccessorImpl.java:43)
	at java.lang.reflect.Method.invoke(Method.java:606)
	at org.apache.maven.surefire.util.ReflectionUtils.invokeMethodWithArray(ReflectionUtils.java:189)
	at org.apache.maven.surefire.booter.ProviderFactory$ProviderProxy.invoke(ProviderFactory.java:165)
	at org.apache.maven.surefire.booter.ProviderFactory.invokeProvider(ProviderFactory.java:85)
	at org.apache.maven.surefire.booter.ForkedBooter.runSuitesInProcess(ForkedBooter.java:115)
	at org.apache.maven.surefire.booter.ForkedBooter.main(ForkedBooter.java:75)
Caused by: java.lang.ClassNotFoundException: org.apache.log.format.Formatter
	at java.net.URLClassLoader$1.run(URLClassLoader.java:366)
	at java.net.URLClassLoader$1.run(URLClassLoader.java:355)
	at java.security.AccessController.doPrivileged(Native Method)
	at java.net.URLClassLoader.findClass(URLClassLoader.java:354)
	at java.lang.ClassLoader.loadClass(ClassLoader.java:425)
	at sun.misc.Launcher$AppClassLoader.loadClass(Launcher.java:308)
	at java.lang.ClassLoader.loadClass(ClassLoader.java:358)
	... 39 more
2016-01-06 11:13:28,991 - Trying to use logger class org.apache.velocity.runtime.log.Log4JLogChute
2016-01-06 11:13:28,991 - Using logger class org.apache.velocity.runtime.log.Log4JLogChute
2016-01-06 11:13:28,993 - Default ResourceManager initializing. (class org.apache.velocity.runtime.resource.ResourceManagerImpl)
2016-01-06 11:13:28,996 - ResourceLoader instantiated: org.apache.velocity.runtime.resource.loader.FileResourceLoader
2016-01-06 11:13:28,998 - Do unicode file recognition:  false
2016-01-06 11:13:28,998 - FileResourceLoader : adding path '.'
2016-01-06 11:13:29,011 - ResourceCache: initialized (class org.apache.velocity.runtime.resource.ResourceCacheImpl)
2016-01-06 11:13:29,013 - Loaded System Directive: org.apache.velocity.runtime.directive.Literal
2016-01-06 11:13:29,014 - Loaded System Directive: org.apache.velocity.runtime.directive.Macro
2016-01-06 11:13:29,015 - Loaded System Directive: org.apache.velocity.runtime.directive.Parse
2016-01-06 11:13:29,017 - Loaded System Directive: org.apache.velocity.runtime.directive.Include
2016-01-06 11:13:29,018 - Loaded System Directive: org.apache.velocity.runtime.directive.Foreach
2016-01-06 11:13:29,049 - Created '20' parsers.
2016-01-06 11:13:29,058 - Velocimacro : "velocimacro.library" is not set.  Trying default library: VM_global_library.vm
2016-01-06 11:13:29,058 - Velocimacro : Default library not found.
2016-01-06 11:13:29,058 - Velocimacro : allowInline = true : VMs can be defined inline in templates
2016-01-06 11:13:29,059 - Velocimacro : allowInlineToOverride = false : VMs defined inline may NOT replace previous VM definitions
2016-01-06 11:13:29,059 - Velocimacro : allowInlineLocal = false : VMs defined inline will be global in scope if allowed.
2016-01-06 11:13:29,059 - Velocimacro : autoload off : VM system will not automatically reload global library macros
2016-01-06 11:15:19,160 - Log4JLogChute initialized using file 'velocity.log'
2016-01-06 11:15:19,161 - Velocity was not initialized! Calling init()...
2016-01-06 11:15:19,161 - Starting Apache Velocity v1.5 (compiled: 2007-02-22 08:52:29)
2016-01-06 11:15:19,161 - Default Properties File: org\apache\velocity\runtime\defaults\velocity.properties
2016-01-06 11:15:19,161 - Trying to use logger class org.apache.velocity.runtime.log.AvalonLogChute
2016-01-06 11:15:19,163 - Couldn't find class org.apache.velocity.runtime.log.AvalonLogChute or necessary supporting classes in classpath.
java.lang.NoClassDefFoundError: org/apache/log/format/Formatter
	at java.lang.Class.forName0(Native Method)
	at java.lang.Class.forName(Class.java:270)
	at org.apache.velocity.util.ClassUtils.getClass(ClassUtils.java:63)
	at org.apache.velocity.util.ClassUtils.getNewInstance(ClassUtils.java:95)
	at org.apache.velocity.runtime.log.LogManager.createLogChute(LogManager.java:147)
	at org.apache.velocity.runtime.log.LogManager.updateLog(LogManager.java:208)
	at org.apache.velocity.runtime.RuntimeInstance.initializeLog(RuntimeInstance.java:728)
	at org.apache.velocity.runtime.RuntimeInstance.init(RuntimeInstance.java:240)
	at org.apache.velocity.runtime.RuntimeInstance.parse(RuntimeInstance.java:993)
	at org.apache.velocity.runtime.RuntimeInstance.parse(RuntimeInstance.java:972)
	at org.apache.velocity.runtime.RuntimeSingleton.parse(RuntimeSingleton.java:265)
	at org.apache.velocity.app.Velocity.evaluate(Velocity.java:274)
	at org.sonatype.mavenbook.weather.WeatherFormatter.format(WeatherFormatter.java:21)
	at org.sonatype.mavenbook.weather.yahoo.WeatherFormatterTest.testFormat(WeatherFormatterTest.java:23)
	at sun.reflect.NativeMethodAccessorImpl.invoke0(Native Method)
	at sun.reflect.NativeMethodAccessorImpl.invoke(NativeMethodAccessorImpl.java:57)
	at sun.reflect.DelegatingMethodAccessorImpl.invoke(DelegatingMethodAccessorImpl.java:43)
	at java.lang.reflect.Method.invoke(Method.java:606)
	at junit.framework.TestCase.runTest(TestCase.java:176)
	at junit.framework.TestCase.runBare(TestCase.java:141)
	at junit.framework.TestResult$1.protect(TestResult.java:122)
	at junit.framework.TestResult.runProtected(TestResult.java:142)
	at junit.framework.TestResult.run(TestResult.java:125)
	at junit.framework.TestCase.run(TestCase.java:129)
	at junit.framework.TestSuite.runTest(TestSuite.java:252)
	at junit.framework.TestSuite.run(TestSuite.java:247)
	at org.junit.internal.runners.JUnit38ClassRunner.run(JUnit38ClassRunner.java:86)
	at org.apache.maven.surefire.junit4.JUnit4Provider.execute(JUnit4Provider.java:252)
	at org.apache.maven.surefire.junit4.JUnit4Provider.executeTestSet(JUnit4Provider.java:141)
	at org.apache.maven.surefire.junit4.JUnit4Provider.invoke(JUnit4Provider.java:112)
	at sun.reflect.NativeMethodAccessorImpl.invoke0(Native Method)
	at sun.reflect.NativeMethodAccessorImpl.invoke(NativeMethodAccessorImpl.java:57)
	at sun.reflect.DelegatingMethodAccessorImpl.invoke(DelegatingMethodAccessorImpl.java:43)
	at java.lang.reflect.Method.invoke(Method.java:606)
	at org.apache.maven.surefire.util.ReflectionUtils.invokeMethodWithArray(ReflectionUtils.java:189)
	at org.apache.maven.surefire.booter.ProviderFactory$ProviderProxy.invoke(ProviderFactory.java:165)
	at org.apache.maven.surefire.booter.ProviderFactory.invokeProvider(ProviderFactory.java:85)
	at org.apache.maven.surefire.booter.ForkedBooter.runSuitesInProcess(ForkedBooter.java:115)
	at org.apache.maven.surefire.booter.ForkedBooter.main(ForkedBooter.java:75)
Caused by: java.lang.ClassNotFoundException: org.apache.log.format.Formatter
	at java.net.URLClassLoader$1.run(URLClassLoader.java:366)
	at java.net.URLClassLoader$1.run(URLClassLoader.java:355)
	at java.security.AccessController.doPrivileged(Native Method)
	at java.net.URLClassLoader.findClass(URLClassLoader.java:354)
	at java.lang.ClassLoader.loadClass(ClassLoader.java:425)
	at sun.misc.Launcher$AppClassLoader.loadClass(Launcher.java:308)
	at java.lang.ClassLoader.loadClass(ClassLoader.java:358)
	... 39 more
2016-01-06 11:15:19,166 - Trying to use logger class org.apache.velocity.runtime.log.Log4JLogChute
2016-01-06 11:15:19,166 - Using logger class org.apache.velocity.runtime.log.Log4JLogChute
2016-01-06 11:15:19,170 - Default ResourceManager initializing. (class org.apache.velocity.runtime.resource.ResourceManagerImpl)
2016-01-06 11:15:19,174 - ResourceLoader instantiated: org.apache.velocity.runtime.resource.loader.FileResourceLoader
2016-01-06 11:15:19,175 - Do unicode file recognition:  false
2016-01-06 11:15:19,176 - FileResourceLoader : adding path '.'
2016-01-06 11:15:19,192 - ResourceCache: initialized (class org.apache.velocity.runtime.resource.ResourceCacheImpl)
2016-01-06 11:15:19,194 - Loaded System Directive: org.apache.velocity.runtime.directive.Literal
2016-01-06 11:15:19,196 - Loaded System Directive: org.apache.velocity.runtime.directive.Macro
2016-01-06 11:15:19,198 - Loaded System Directive: org.apache.velocity.runtime.directive.Parse
2016-01-06 11:15:19,199 - Loaded System Directive: org.apache.velocity.runtime.directive.Include
2016-01-06 11:15:19,201 - Loaded System Directive: org.apache.velocity.runtime.directive.Foreach
2016-01-06 11:15:19,245 - Created '20' parsers.
2016-01-06 11:15:19,302 - Velocimacro : "velocimacro.library" is not set.  Trying default library: VM_global_library.vm
2016-01-06 11:15:19,302 - Velocimacro : Default library not found.
2016-01-06 11:15:19,302 - Velocimacro : allowInline = true : VMs can be defined inline in templates
2016-01-06 11:15:19,302 - Velocimacro : allowInlineToOverride = false : VMs defined inline may NOT replace previous VM definitions
2016-01-06 11:15:19,302 - Velocimacro : allowInlineLocal = false : VMs defined inline will be global in scope if allowed.
2016-01-06 11:15:19,302 - Velocimacro : autoload off : VM system will not automatically reload global library macros
2016-01-06 11:15:32,194 - Log4JLogChute initialized using file 'velocity.log'
2016-01-06 11:15:32,195 - Velocity was not initialized! Calling init()...
2016-01-06 11:15:32,195 - Starting Apache Velocity v1.5 (compiled: 2007-02-22 08:52:29)
2016-01-06 11:15:32,195 - Default Properties File: org\apache\velocity\runtime\defaults\velocity.properties
2016-01-06 11:15:32,195 - Trying to use logger class org.apache.velocity.runtime.log.AvalonLogChute
2016-01-06 11:15:32,196 - Couldn't find class org.apache.velocity.runtime.log.AvalonLogChute or necessary supporting classes in classpath.
java.lang.NoClassDefFoundError: org/apache/log/format/Formatter
	at java.lang.Class.forName0(Native Method)
	at java.lang.Class.forName(Class.java:270)
	at org.apache.velocity.util.ClassUtils.getClass(ClassUtils.java:63)
	at org.apache.velocity.util.ClassUtils.getNewInstance(ClassUtils.java:95)
	at org.apache.velocity.runtime.log.LogManager.createLogChute(LogManager.java:147)
	at org.apache.velocity.runtime.log.LogManager.updateLog(LogManager.java:208)
	at org.apache.velocity.runtime.RuntimeInstance.initializeLog(RuntimeInstance.java:728)
	at org.apache.velocity.runtime.RuntimeInstance.init(RuntimeInstance.java:240)
	at org.apache.velocity.runtime.RuntimeInstance.parse(RuntimeInstance.java:993)
	at org.apache.velocity.runtime.RuntimeInstance.parse(RuntimeInstance.java:972)
	at org.apache.velocity.runtime.RuntimeSingleton.parse(RuntimeSingleton.java:265)
	at org.apache.velocity.app.Velocity.evaluate(Velocity.java:274)
	at org.sonatype.mavenbook.weather.WeatherFormatter.format(WeatherFormatter.java:21)
	at org.sonatype.mavenbook.weather.yahoo.WeatherFormatterTest.testFormat(WeatherFormatterTest.java:23)
	at sun.reflect.NativeMethodAccessorImpl.invoke0(Native Method)
	at sun.reflect.NativeMethodAccessorImpl.invoke(NativeMethodAccessorImpl.java:57)
	at sun.reflect.DelegatingMethodAccessorImpl.invoke(DelegatingMethodAccessorImpl.java:43)
	at java.lang.reflect.Method.invoke(Method.java:606)
	at junit.framework.TestCase.runTest(TestCase.java:176)
	at junit.framework.TestCase.runBare(TestCase.java:141)
	at junit.framework.TestResult$1.protect(TestResult.java:122)
	at junit.framework.TestResult.runProtected(TestResult.java:142)
	at junit.framework.TestResult.run(TestResult.java:125)
	at junit.framework.TestCase.run(TestCase.java:129)
	at junit.framework.TestSuite.runTest(TestSuite.java:252)
	at junit.framework.TestSuite.run(TestSuite.java:247)
	at org.junit.internal.runners.JUnit38ClassRunner.run(JUnit38ClassRunner.java:86)
	at org.apache.maven.surefire.junit4.JUnit4Provider.execute(JUnit4Provider.java:252)
	at org.apache.maven.surefire.junit4.JUnit4Provider.executeTestSet(JUnit4Provider.java:141)
	at org.apache.maven.surefire.junit4.JUnit4Provider.invoke(JUnit4Provider.java:112)
	at sun.reflect.NativeMethodAccessorImpl.invoke0(Native Method)
	at sun.reflect.NativeMethodAccessorImpl.invoke(NativeMethodAccessorImpl.java:57)
	at sun.reflect.DelegatingMethodAccessorImpl.invoke(DelegatingMethodAccessorImpl.java:43)
	at java.lang.reflect.Method.invoke(Method.java:606)
	at org.apache.maven.surefire.util.ReflectionUtils.invokeMethodWithArray(ReflectionUtils.java:189)
	at org.apache.maven.surefire.booter.ProviderFactory$ProviderProxy.invoke(ProviderFactory.java:165)
	at org.apache.maven.surefire.booter.ProviderFactory.invokeProvider(ProviderFactory.java:85)
	at org.apache.maven.surefire.booter.ForkedBooter.runSuitesInProcess(ForkedBooter.java:115)
	at org.apache.maven.surefire.booter.ForkedBooter.main(ForkedBooter.java:75)
Caused by: java.lang.ClassNotFoundException: org.apache.log.format.Formatter
	at java.net.URLClassLoader$1.run(URLClassLoader.java:366)
	at java.net.URLClassLoader$1.run(URLClassLoader.java:355)
	at java.security.AccessController.doPrivileged(Native Method)
	at java.net.URLClassLoader.findClass(URLClassLoader.java:354)
	at java.lang.ClassLoader.loadClass(ClassLoader.java:425)
	at sun.misc.Launcher$AppClassLoader.loadClass(Launcher.java:308)
	at java.lang.ClassLoader.loadClass(ClassLoader.java:358)
	... 39 more
2016-01-06 11:15:32,198 - Trying to use logger class org.apache.velocity.runtime.log.Log4JLogChute
2016-01-06 11:15:32,198 - Using logger class org.apache.velocity.runtime.log.Log4JLogChute
2016-01-06 11:15:32,200 - Default ResourceManager initializing. (class org.apache.velocity.runtime.resource.ResourceManagerImpl)
2016-01-06 11:15:32,203 - ResourceLoader instantiated: org.apache.velocity.runtime.resource.loader.FileResourceLoader
2016-01-06 11:15:32,205 - Do unicode file recognition:  false
2016-01-06 11:15:32,205 - FileResourceLoader : adding path '.'
2016-01-06 11:15:32,216 - ResourceCache: initialized (class org.apache.velocity.runtime.resource.ResourceCacheImpl)
2016-01-06 11:15:32,218 - Loaded System Directive: org.apache.velocity.runtime.directive.Literal
2016-01-06 11:15:32,219 - Loaded System Directive: org.apache.velocity.runtime.directive.Macro
2016-01-06 11:15:32,220 - Loaded System Directive: org.apache.velocity.runtime.directive.Parse
2016-01-06 11:15:32,222 - Loaded System Directive: org.apache.velocity.runtime.directive.Include
2016-01-06 11:15:32,222 - Loaded System Directive: org.apache.velocity.runtime.directive.Foreach
2016-01-06 11:15:32,251 - Created '20' parsers.
2016-01-06 11:15:32,259 - Velocimacro : "velocimacro.library" is not set.  Trying default library: VM_global_library.vm
2016-01-06 11:15:32,259 - Velocimacro : Default library not found.
2016-01-06 11:15:32,259 - Velocimacro : allowInline = true : VMs can be defined inline in templates
2016-01-06 11:15:32,259 - Velocimacro : allowInlineToOverride = false : VMs defined inline may NOT replace previous VM definitions
2016-01-06 11:15:32,259 - Velocimacro : allowInlineLocal = false : VMs defined inline will be global in scope if allowed.
2016-01-06 11:15:32,259 - Velocimacro : autoload off : VM system will not automatically reload global library macros
